<?xml version="1.0" encoding="UTF-8"?>
<!-- Generated by org.testng.reporters.JUnitReportReporter -->
<testsuite hostname="DESKTOP-45VA84T" failures="0" tests="1" name="CROMAPROJECT.SampleProject.Seleniumdemo" time="8.351" errors="0" timestamp="2025-10-03T23:33:19 IST" skipped="0">
  <testcase classname="CROMAPROJECT.SampleProject.Seleniumdemo" name="run" time="8.351"/>
</testsuite> <!-- CROMAPROJECT.SampleProject.Seleniumdemo -->
